INFO: 2015/07/30 11:01:23.053217 main.go:62: MoC-pulse-backend server app starting...
DEBUG: 2015/07/30 11:01:23.053781 main.go:63: MoC-pulse-backend server app initialization: start
DEBUG: 2015/07/30 11:01:23.053794 main.go:65: Initializing notification sender...
DEBUG: 2015/07/30 11:01:23.053827 main.go:77: Initializing httprouter...
DEBUG: 2015/07/30 11:01:23.053855 main.go:88: MoC-pulse-backend server app initialization: end
DEBUG: 2015/07/30 11:01:23.053872 main.go:91: Starting httprouter on port 3001 as goroutine...
DEBUG: 2015/07/30 11:01:23.053892 main.go:95: Starting tcpsocket server on port 4242...
INFO: 2015/08/03 12:19:20.167968 main.go:62: MoC-pulse-backend server app starting...
DEBUG: 2015/08/03 12:19:20.168393 main.go:63: MoC-pulse-backend server app initialization: start
DEBUG: 2015/08/03 12:19:20.168404 main.go:65: Initializing notification sender...
DEBUG: 2015/08/03 12:19:20.168430 main.go:77: Initializing httprouter...
DEBUG: 2015/08/03 12:19:20.168454 main.go:88: MoC-pulse-backend server app initialization: end
DEBUG: 2015/08/03 12:19:20.168469 main.go:91: Starting httprouter on port 3001 as goroutine...
DEBUG: 2015/08/03 12:19:20.168488 main.go:95: Starting tcpsocket server on port 4242...
DEBUG: 2015/08/03 12:19:52.415123 httpHandlers.go:155: Getting all votes with results: start
DEBUG: 2015/08/03 12:19:52.415154 httpHandlers.go:157: Getting all votes with results: authenticating user...
DEBUG: 2015/08/03 12:19:52.415195 httpHandlers.go:37: Token '123123' authentication: start
DEBUG: 2015/08/03 12:19:52.415257 httpHandlers.go:46: Token '123123' authentication returns user [&{Id:debug Email:test@test.com FirstName: LastName: Device:2 DevId:}]
DEBUG: 2015/08/03 12:19:52.415264 httpHandlers.go:47: Token '123123' authentication: end
DEBUG: 2015/08/03 12:19:52.415270 httpHandlers.go:164: Getting all votes with results: getting all votes with results from storage...
DEBUG: 2015/08/03 12:19:52.448758 httpHandlers.go:177: Getting all votes with results: end
